
> school-lms-platform@1.0.0 build
> npx next build

▲ Next.js 16.1.6 (Turbopack)
- Environments: .env.local
- Experiments (use with caution):
  ✓ optimizeCss
  · optimizePackageImports

⚠ The "middleware" file convention is deprecated. Please use "proxy" instead. Learn more: https://nextjs.org/docs/messages/middleware-to-proxy
  Creating an optimized production build ...
✓ Compiled successfully in 12.9s
  Running TypeScript ...
  Collecting page data using 7 workers ...
[Auth Config] Env check:
- NEXTAUTH_URL: http://localhost:3000
- NEXTAUTH_URL_INTERNAL: undefined
- NODE_ENV: production
- VERCEL_URL: undefined
- HOSTNAME: undefined
- PORT: undefined
[Auth Config] Env check:
- NEXTAUTH_URL: http://localhost:3000
- NEXTAUTH_URL_INTERNAL: undefined
- NODE_ENV: production
- VERCEL_URL: undefined
- HOSTNAME: undefined
- PORT: undefined
[Auth Config] Env check:
- NEXTAUTH_URL: http://localhost:3000
- NEXTAUTH_URL_INTERNAL: undefined
- NODE_ENV: production
- VERCEL_URL: undefined
- HOSTNAME: undefined
- PORT: undefined
[Auth Config] Env check:
- NEXTAUTH_URL: http://localhost:3000
- NEXTAUTH_URL_INTERNAL: undefined
- NODE_ENV: production
- VERCEL_URL: undefined
- HOSTNAME: undefined
- PORT: undefined
[Auth Config] Env check:
- NEXTAUTH_URL: http://localhost:3000
- NEXTAUTH_URL_INTERNAL: undefined
- NODE_ENV: production
- VERCEL_URL: undefined
- HOSTNAME: undefined
- PORT: undefined
[Auth Config] Env check:
- NEXTAUTH_URL: http://localhost:3000
- NEXTAUTH_URL_INTERNAL: undefined
- NODE_ENV: production
- VERCEL_URL: undefined
- HOSTNAME: undefined
- PORT: undefined
[permissions/route.ts] Module loaded
[Auth Config] Env check:
- NEXTAUTH_URL: http://localhost:3000
- NEXTAUTH_URL_INTERNAL: undefined
- NODE_ENV: production
- VERCEL_URL: undefined
- HOSTNAME: undefined
- PORT: undefined
[Auth Config] Env check:
- NEXTAUTH_URL: http://localhost:3000
- NEXTAUTH_URL_INTERNAL: undefined
- NODE_ENV: production
- VERCEL_URL: undefined
- HOSTNAME: undefined
- PORT: undefined
[Auth Config] Env check:
- NEXTAUTH_URL: http://localhost:3000
- NEXTAUTH_URL_INTERNAL: undefined
- NODE_ENV: production
- VERCEL_URL: undefined
- HOSTNAME: undefined
- PORT: undefined
[Auth Config] Env check:
- NEXTAUTH_URL: http://localhost:3000
- NEXTAUTH_URL_INTERNAL: undefined
- NODE_ENV: production
- VERCEL_URL: undefined
- HOSTNAME: undefined
- PORT: undefined
[Auth Config] Env check:
- NEXTAUTH_URL: http://localhost:3000
- NEXTAUTH_URL_INTERNAL: undefined
- NODE_ENV: production
- VERCEL_URL: undefined
- HOSTNAME: undefined
- PORT: undefined
[Auth Config] Env check:
- NEXTAUTH_URL: http://localhost:3000
- NEXTAUTH_URL_INTERNAL: undefined
- NODE_ENV: production
- VERCEL_URL: undefined
- HOSTNAME: undefined
- PORT: undefined
[Auth Config] Env check:
- NEXTAUTH_URL: http://localhost:3000
- NEXTAUTH_URL_INTERNAL: undefined
- NODE_ENV: production
- VERCEL_URL: undefined
- HOSTNAME: undefined
- PORT: undefined
[Auth Config] Env check:
- NEXTAUTH_URL: http://localhost:3000
- NEXTAUTH_URL_INTERNAL: undefined
- NODE_ENV: production
- VERCEL_URL: undefined
- HOSTNAME: undefined
- PORT: undefined
  Generating static pages using 7 workers (0/127) ...
  Generating static pages using 7 workers (31/127) 
  Generating static pages using 7 workers (63/127) 
  Generating static pages using 7 workers (95/127) 
[permissions/route.ts] Module loaded
✓ Generating static pages using 7 workers (127/127) in 266.2ms
  Finalizing page optimization ...

Route (app)
┌ ƒ /
├ ○ /_not-found
├ ƒ /about
├ ƒ /activities
├ ƒ /admissions
├ ƒ /api/admin/audit-logs
├ ƒ /api/admin/audit-logs/[id]
├ ƒ /api/admin/example-protected
├ ƒ /api/admin/filters
├ ƒ /api/admin/filters/[filterId]
├ ƒ /api/admin/moderation/filters
├ ƒ /api/admin/modules
├ ƒ /api/admin/modules/[id]
├ ƒ /api/admin/modules/[id]/config
├ ƒ /api/admin/modules/[id]/enable
├ ƒ /api/admin/modules/[id]/permissions
├ ƒ /api/admin/modules/apply
├ ƒ /api/admin/modules/sync
├ ƒ /api/admin/modules/users
├ ƒ /api/admin/permissions
├ ƒ /api/admin/permissions/me
├ ƒ /api/admin/roles
├ ƒ /api/admin/roles/[id]
├ ƒ /api/admin/roles/[id]/permissions
├ ƒ /api/admin/users
├ ƒ /api/admin/users/[id]
├ ƒ /api/admin/users/[id]/reset-password
├ ƒ /api/admin/users/[id]/restore
├ ƒ /api/admin/users/[id]/roles
├ ƒ /api/admin/users/[id]/suspend
├ ƒ /api/ai/search
├ ƒ /api/ai/suggest-draft
├ ƒ /api/assignments
├ ƒ /api/assignments/[id]/submissions
├ ƒ /api/auth/[...nextauth]
├ ƒ /api/auth/check-lockout
├ ƒ /api/auth/forgot-password
├ ƒ /api/auth/register
├ ƒ /api/auth/reset-password
├ ƒ /api/auth/test
├ ƒ /api/auth/validate-reset-token
├ ƒ /api/auth/verify-email
├ ƒ /api/bookmarks
├ ƒ /api/brand/[id]
├ ƒ /api/brand/[id]/analytics
├ ƒ /api/brand/[id]/assign-badge
├ ƒ /api/brand/[id]/invite-member
├ ƒ /api/brand/[id]/member/[userId]
├ ƒ /api/brand/create
├ ƒ /api/brand/verify/[id]
├ ƒ /api/classes
├ ƒ /api/classes/[id]
├ ƒ /api/dashboard/chart-data
├ ƒ /api/dashboard/stats
├ ƒ /api/departments
├ ƒ /api/departments/[id]
├ ƒ /api/departments/[id]/members
├ ƒ /api/dms/documents/[id]/ai/classify
├ ƒ /api/dms/documents/[id]/ai/summarize
├ ƒ /api/dms/documents/[id]/ocr
├ ƒ /api/dms/documents/search
├ ƒ /api/dms/extract-content
├ ƒ /api/dms/incoming
├ ƒ /api/dms/incoming/[id]
├ ƒ /api/dms/incoming/[id]/assign
├ ƒ /api/dms/incoming/[id]/assign/[assignmentId]
├ ƒ /api/dms/incoming/[id]/assign/[assignmentId]/checklist
├ ƒ /api/dms/incoming/[id]/generate-plan
├ ƒ /api/dms/outgoing
├ ƒ /api/dms/outgoing/[id]
├ ƒ /api/dms/outgoing/[id]/send
├ ƒ /api/dms/outgoing/[id]/submit
├ ƒ /api/dms/workflows
├ ƒ /api/docs
├ ƒ /api/docs/[id]
├ ƒ /api/docs/[id]/comments
├ ƒ /api/docs/[id]/comments/[commentId]
├ ƒ /api/docs/[id]/permissions/[userId]
├ ƒ /api/docs/[id]/revert
├ ƒ /api/docs/[id]/revisions
├ ƒ /api/docs/[id]/share
├ ƒ /api/document-workflow
├ ƒ /api/document-workflow/[id]
├ ƒ /api/document-workflow/bulk-update
├ ƒ /api/documents
├ ƒ /api/documents/[id]
├ ƒ /api/documents/[id]/departments
├ ƒ /api/documents/[id]/progress
├ ƒ /api/documents/[id]/spaces
├ ƒ /api/documents/sync
├ ƒ /api/documents/sync/bulk
├ ƒ /api/feed/events
├ ƒ /api/feed/realtime
├ ƒ /api/feed/updates
├ ƒ /api/feed/websocket
├ ƒ /api/health/db
├ ƒ /api/lessons/[id]
├ ƒ /api/messages
├ ƒ /api/mobile/auth/google
├ ƒ /api/mobile/auth/login
├ ƒ /api/mobile/auth/me
├ ƒ /api/mobile/home
├ ƒ /api/mobile/posts
├ ƒ /api/news
├ ƒ /api/notifications
├ ƒ /api/posts
├ ƒ /api/posts/[postId]
├ ƒ /api/posts/[postId]/bookmark
├ ƒ /api/posts/[postId]/comments
├ ƒ /api/posts/[postId]/like
├ ƒ /api/posts/[postId]/remix
├ ƒ /api/posts/feed
├ ƒ /api/posts/scheduled/publish
├ ƒ /api/posts/upload
├ ƒ /api/premium/auto-activate
├ ƒ /api/premium/cancel
├ ƒ /api/premium/check-expiry
├ ƒ /api/premium/completed-tasks
├ ƒ /api/premium/status
├ ƒ /api/premium/subscribe
├ ƒ /api/signature/providers
├ ƒ /api/signature/sign
├ ƒ /api/signature/verify/[id]
├ ƒ /api/smartca/callback
├ ƒ /api/smartca/status/[requestId]
├ ƒ /api/spaces
├ ƒ /api/spaces/[id]
├ ƒ /api/spaces/[id]/apply-scrum
├ ƒ /api/spaces/[id]/documents
├ ƒ /api/spaces/[id]/members
├ ƒ /api/spaces/[id]/progress
├ ƒ /api/spaces/[id]/progress/[logId]
├ ƒ /api/spaces/[id]/tasks
├ ƒ /api/spaces/[id]/tasks/[taskId]
├ ƒ /api/spaces/[id]/tasks/[taskId]/comments
├ ƒ /api/spaces/[id]/tasks/[taskId]/upload
├ ƒ /api/spaces/archived
├ ƒ /api/spaces/delete-all
├ ƒ /api/system-docs
├ ƒ /api/system-docs/[filename]
├ ƒ /api/upload
├ ƒ /api/upload/signed-url
├ ƒ /api/uploads/signed-url
├ ƒ /api/users
├ ƒ /api/users/[id]
├ ƒ /api/users/[id]/avatar
├ ƒ /api/users/[id]/cover
├ ƒ /api/users/[id]/follow
├ ƒ /api/users/documents-uploaders
├ ƒ /api/users/me
├ ƒ /api/users/me/password
├ ƒ /api/users/ranked
├ ƒ /api/users/recent-contacts
├ ƒ /api/users/search
├ ƒ /api/workflow/approval
├ ƒ /api/workflow/approval/[id]
├ ƒ /api/workflow/pending
├ ƒ /bookmarks
├ ƒ /calendar
├ ƒ /contact
├ ƒ /dashboard
├ ƒ /dashboard/admin
├ ƒ /dashboard/admin/audit-logs
├ ƒ /dashboard/admin/brands
├ ƒ /dashboard/admin/moderation
├ ƒ /dashboard/admin/modules
├ ƒ /dashboard/admin/roles
├ ƒ /dashboard/admin/users
├ ƒ /dashboard/admin/users/[id]/edit
├ ƒ /dashboard/brand/[id]
├ ƒ /dashboard/brand/create
├ ƒ /dashboard/classes
├ ƒ /dashboard/classes/[id]
├ ƒ /dashboard/classes/[id]/assignments/[assignmentId]
├ ƒ /dashboard/classes/new
├ ƒ /dashboard/departments
├ ƒ /dashboard/departments/[id]
├ ƒ /dashboard/departments/new
├ ƒ /dashboard/dms/incoming
├ ƒ /dashboard/dms/incoming/[id]
├ ƒ /dashboard/dms/incoming/[id]/edit
├ ƒ /dashboard/dms/incoming/upload
├ ƒ /dashboard/dms/outgoing
├ ƒ /dashboard/dms/outgoing/[id]
├ ƒ /dashboard/dms/outgoing/[id]/approve
├ ƒ /dashboard/dms/outgoing/[id]/edit
├ ƒ /dashboard/dms/outgoing/create
├ ƒ /dashboard/dms/workflow/pending
├ ƒ /dashboard/docs
├ ƒ /dashboard/docs/[id]
├ ƒ /dashboard/document-workflow
├ ƒ /dashboard/documents
├ ƒ /dashboard/documents/[id]
├ ƒ /dashboard/documents/upload
├ ƒ /dashboard/help
├ ƒ /dashboard/notifications
├ ƒ /dashboard/premium
├ ƒ /dashboard/profile
├ ƒ /dashboard/settings
├ ƒ /dashboard/social
├ ƒ /dashboard/spaces
├ ƒ /dashboard/spaces/[id]
├ ƒ /dashboard/spaces/[id]/edit
├ ƒ /dashboard/spaces/[id]/tasks
├ ƒ /dashboard/spaces/[id]/tasks/[taskId]
├ ƒ /dashboard/spaces/[id]/tasks/new
├ ƒ /dashboard/spaces/new
├ ƒ /dashboard/system-docs
├ ƒ /dashboard/system-docs/[filename]
├ ƒ /dashboard/users
├ ƒ /dashboard/users/new
├ ƒ /explore
├ ○ /forgot-password
├ ƒ /gallery
├ ○ /login
├ ƒ /messages
├ ƒ /messages/[userId]
├ ƒ /news
├ ƒ /news/[slug]
├ ƒ /notifications
├ ○ /register
├ ƒ /reset-password/[token]
├ ○ /test-accounts
├ ƒ /users/[id]
└ ƒ /verify-email/[token]


ƒ Proxy (Middleware)

○  (Static)   prerendered as static content
ƒ  (Dynamic)  server-rendered on demand

