🚀 Deploying LMS Math to Google Cloud Run...

📋 Configuration:
  Project ID: gen-lang-client-0712182643
  Region: asia-southeast1
  Service: lmsmath
  URL: https://lmsmath-442514522574.asia-southeast1.run.app

Step 1: Updating DATABASE_URL secret...
Created version [9] of the secret [DATABASE_URL].
✅ DATABASE_URL updated

Step 2: Verifying required secrets...
  ✅ DATABASE_URL exists
  ✅ NEXTAUTH_SECRET exists

Step 3: Triggering Cloud Build...
  This will build the Docker image and deploy to Cloud Run
  Expected time: 5-10 minutes

Creating temporary archive of 1338 file(s) totalling 5.1 MiB before compression.
Uploading tarball of [.] to [gs://gen-lang-client-0712182643_cloudbuild/source/1759902902.909006-f2e50eae55a14ed6bbe065e40c99e11c.tgz]
Created [https://cloudbuild.googleapis.com/v1/projects/gen-lang-client-0712182643/locations/asia-southeast1/builds/45f29d39-fb43-4b01-b4b7-cce9c115feaa].
Logs are available at [ https://console.cloud.google.com/cloud-build/builds;region=asia-southeast1/45f29d39-fb43-4b01-b4b7-cce9c115feaa?project=442514522574 ].

gcloud builds submit only displays logs from Cloud Storage. To view logs from Cloud Logging, run:
gcloud beta builds submit

Waiting for build to complete. Polling interval: 1 second(s).

BUILD FAILURE: Build step failure: build step 0 "gcr.io/cloud-builders/docker" failed: step exited with non-zero status: 1
ERROR: (gcloud.builds.submit) build 45f29d39-fb43-4b01-b4b7-cce9c115feaa completed with status "FAILURE"
🚀 Deploying LMS Math to Google Cloud Run...

📋 Configuration:
  Project ID: gen-lang-client-0712182643
  Region: asia-southeast1
  Service: lmsmath
  URL: https://lmsmath-442514522574.asia-southeast1.run.app

Step 1: Updating DATABASE_URL secret...
Created version [10] of the secret [DATABASE_URL].
✅ DATABASE_URL updated

Step 2: Verifying required secrets...
  ✅ DATABASE_URL exists
  ✅ NEXTAUTH_SECRET exists

Step 3: Triggering Cloud Build...
  This will build the Docker image and deploy to Cloud Run
  Expected time: 5-10 minutes

Creating temporary archive of 1338 file(s) totalling 5.1 MiB before compression.
Uploading tarball of [.] to [gs://gen-lang-client-0712182643_cloudbuild/source/1759903090.084828-fba876b1064b43019c6ed779723c9b42.tgz]
Created [https://cloudbuild.googleapis.com/v1/projects/gen-lang-client-0712182643/locations/asia-southeast1/builds/7a644040-f99d-41bc-b7af-f3978e213f32].
Logs are available at [ https://console.cloud.google.com/cloud-build/builds;region=asia-southeast1/7a644040-f99d-41bc-b7af-f3978e213f32?project=442514522574 ].

gcloud builds submit only displays logs from Cloud Storage. To view logs from Cloud Logging, run:
gcloud beta builds submit

Waiting for build to complete. Polling interval: 1 second(s).

BUILD FAILURE: Build step failure: build step 0 "gcr.io/cloud-builders/docker" failed: step exited with non-zero status: 1
ERROR: (gcloud.builds.submit) build 7a644040-f99d-41bc-b7af-f3978e213f32 completed with status "FAILURE"
