▲ Next.js 16.1.6
- Local:         http://localhost:3005
- Network:       http://0.0.0.0:3005

✓ Starting...
✓ Ready in 240ms
[Auth Config] Env check:
- NEXTAUTH_URL: undefined
- NEXTAUTH_URL_INTERNAL: undefined
- NODE_ENV: production
- VERCEL_URL: undefined
- HOSTNAME: undefined
- PORT: 3005
[permissions/route.ts] Module loaded
[Auth Config] Env check:
- NEXTAUTH_URL: undefined
- NEXTAUTH_URL_INTERNAL: undefined
- NODE_ENV: production
- VERCEL_URL: undefined
- HOSTNAME: undefined
- PORT: 3005
[next-auth][error][NO_SECRET] 
https://next-auth.js.org/errors#no_secret Please define a `secret` in production. Error [MissingSecretError]: Please define a `secret` in production.
    at c.assertConfig (.next/server/chunks/ssr/_7eeae08b._.js:34:11925)
    at q (.next/server/chunks/ssr/_7eeae08b._.js:34:17811)
    at async h (.next/server/chunks/ssr/_7eeae08b._.js:34:49336)
    at async e (.next/server/chunks/ssr/[root-of-the-server]__3779d3e7._.js:1:9485)
    at async g (.next/server/chunks/ssr/[root-of-the-server]__c837e35c._.js:1:12340) {
  code: 'NO_SECRET'
}
⨯ Error: There is a problem with the server configuration. Check the server logs for more information.
    at h (.next/server/chunks/ssr/_7eeae08b._.js:34:49584)
    at async e (.next/server/chunks/ssr/[root-of-the-server]__3779d3e7._.js:1:9485)
    at async g (.next/server/chunks/ssr/[root-of-the-server]__c837e35c._.js:1:12340) {
  digest: '3795072533'
}
